08-Jun-2023 11:48:38.734 INFO [main] org.apache.coyote.AbstractProtocol.init Initializing ProtocolHandler ["http-nio-8080"]
08-Jun-2023 11:48:43.459 INFO [main] org.apache.jasper.servlet.TldScanner.scanJars At least one JAR was scanned for TLDs yet contained no TLDs. Enable debug logging for this logger for a complete list of JARs that were scanned but no TLDs were found in them. Skipping unneeded JARs during scanning can improve startup time and JSP compilation time.
08-Jun-2023 11:48:45.891 INFO [main] org.apache.coyote.AbstractProtocol.start Starting ProtocolHandler ["http-nio-8080"]
08-Jun-2023 12:04:54.823 INFO [Thread-4] org.apache.coyote.AbstractProtocol.pause Pausing ProtocolHandler ["http-nio-8080"]
08-Jun-2023 12:04:54.969 INFO [Thread-4] org.apache.coyote.AbstractProtocol.stop Stopping ProtocolHandler ["http-nio-8080"]
08-Jun-2023 12:04:54.975 INFO [Thread-4] org.apache.coyote.AbstractProtocol.destroy Destroying ProtocolHandler ["http-nio-8080"]
08-Jun-2023 12:05:02.238 INFO [main] org.apache.coyote.AbstractProtocol.init Initializing ProtocolHandler ["http-nio-8080"]
08-Jun-2023 12:05:06.505 INFO [main] org.apache.jasper.servlet.TldScanner.scanJars At least one JAR was scanned for TLDs yet contained no TLDs. Enable debug logging for this logger for a complete list of JARs that were scanned but no TLDs were found in them. Skipping unneeded JARs during scanning can improve startup time and JSP compilation time.
08-Jun-2023 12:05:10.946 INFO [main] org.apache.coyote.AbstractProtocol.start Starting ProtocolHandler ["http-nio-8080"]
08-Jun-2023 17:27:42.816 INFO [Thread-4] org.apache.coyote.AbstractProtocol.pause Pausing ProtocolHandler ["http-nio-8080"]
08-Jun-2023 17:27:42.948 INFO [Thread-4] org.apache.coyote.AbstractProtocol.stop Stopping ProtocolHandler ["http-nio-8080"]
08-Jun-2023 17:27:42.966 INFO [Thread-4] org.apache.coyote.AbstractProtocol.destroy Destroying ProtocolHandler ["http-nio-8080"]
08-Jun-2023 17:27:56.707 INFO [main] org.apache.coyote.AbstractProtocol.init Initializing ProtocolHandler ["http-nio-8080"]
08-Jun-2023 17:28:00.665 INFO [main] org.apache.jasper.servlet.TldScanner.scanJars At least one JAR was scanned for TLDs yet contained no TLDs. Enable debug logging for this logger for a complete list of JARs that were scanned but no TLDs were found in them. Skipping unneeded JARs during scanning can improve startup time and JSP compilation time.
08-Jun-2023 17:28:03.511 INFO [main] org.apache.coyote.AbstractProtocol.start Starting ProtocolHandler ["http-nio-8080"]
08-Jun-2023 17:55:10.715 INFO [Thread-4] org.apache.coyote.AbstractProtocol.pause Pausing ProtocolHandler ["http-nio-8080"]
08-Jun-2023 17:55:10.826 INFO [Thread-4] org.apache.coyote.AbstractProtocol.stop Stopping ProtocolHandler ["http-nio-8080"]
08-Jun-2023 17:55:10.833 INFO [Thread-4] org.apache.coyote.AbstractProtocol.destroy Destroying ProtocolHandler ["http-nio-8080"]
08-Jun-2023 17:55:16.167 INFO [main] org.apache.coyote.AbstractProtocol.init Initializing ProtocolHandler ["http-nio-8080"]
08-Jun-2023 17:55:20.713 INFO [main] org.apache.jasper.servlet.TldScanner.scanJars At least one JAR was scanned for TLDs yet contained no TLDs. Enable debug logging for this logger for a complete list of JARs that were scanned but no TLDs were found in them. Skipping unneeded JARs during scanning can improve startup time and JSP compilation time.
08-Jun-2023 17:55:23.955 INFO [main] org.apache.coyote.AbstractProtocol.start Starting ProtocolHandler ["http-nio-8080"]
08-Jun-2023 20:30:55.568 INFO [Thread-4] org.apache.coyote.AbstractProtocol.pause Pausing ProtocolHandler ["http-nio-8080"]
08-Jun-2023 20:30:55.779 INFO [Thread-4] org.apache.coyote.AbstractProtocol.stop Stopping ProtocolHandler ["http-nio-8080"]
08-Jun-2023 20:30:55.793 INFO [Thread-4] org.apache.coyote.AbstractProtocol.destroy Destroying ProtocolHandler ["http-nio-8080"]
08-Jun-2023 20:34:05.345 INFO [main] org.apache.coyote.AbstractProtocol.init Initializing ProtocolHandler ["http-nio-8080"]
08-Jun-2023 20:34:09.418 INFO [main] org.apache.jasper.servlet.TldScanner.scanJars At least one JAR was scanned for TLDs yet contained no TLDs. Enable debug logging for this logger for a complete list of JARs that were scanned but no TLDs were found in them. Skipping unneeded JARs during scanning can improve startup time and JSP compilation time.
08-Jun-2023 20:34:12.310 INFO [main] org.apache.coyote.AbstractProtocol.start Starting ProtocolHandler ["http-nio-8080"]
08-Jun-2023 20:34:48.538 INFO [Thread-4] org.apache.coyote.AbstractProtocol.pause Pausing ProtocolHandler ["http-nio-8080"]
08-Jun-2023 20:34:48.662 INFO [Thread-4] org.apache.coyote.AbstractProtocol.stop Stopping ProtocolHandler ["http-nio-8080"]
08-Jun-2023 20:34:48.674 INFO [Thread-4] org.apache.coyote.AbstractProtocol.destroy Destroying ProtocolHandler ["http-nio-8080"]
08-Jun-2023 20:34:55.820 INFO [main] org.apache.coyote.AbstractProtocol.init Initializing ProtocolHandler ["http-nio-8080"]
08-Jun-2023 20:34:59.898 INFO [main] org.apache.jasper.servlet.TldScanner.scanJars At least one JAR was scanned for TLDs yet contained no TLDs. Enable debug logging for this logger for a complete list of JARs that were scanned but no TLDs were found in them. Skipping unneeded JARs during scanning can improve startup time and JSP compilation time.
08-Jun-2023 20:35:02.913 INFO [main] org.apache.coyote.AbstractProtocol.start Starting ProtocolHandler ["http-nio-8080"]
08-Jun-2023 21:12:31.473 INFO [Thread-4] org.apache.coyote.AbstractProtocol.pause Pausing ProtocolHandler ["http-nio-8080"]
08-Jun-2023 21:12:31.623 INFO [Thread-4] org.apache.coyote.AbstractProtocol.stop Stopping ProtocolHandler ["http-nio-8080"]
08-Jun-2023 21:12:31.648 INFO [Thread-4] org.apache.coyote.AbstractProtocol.destroy Destroying ProtocolHandler ["http-nio-8080"]
08-Jun-2023 21:13:23.906 INFO [main] org.apache.coyote.AbstractProtocol.init Initializing ProtocolHandler ["http-nio-8080"]
08-Jun-2023 21:13:27.272 INFO [main] org.apache.jasper.servlet.TldScanner.scanJars At least one JAR was scanned for TLDs yet contained no TLDs. Enable debug logging for this logger for a complete list of JARs that were scanned but no TLDs were found in them. Skipping unneeded JARs during scanning can improve startup time and JSP compilation time.
08-Jun-2023 21:13:30.519 INFO [main] org.apache.coyote.AbstractProtocol.start Starting ProtocolHandler ["http-nio-8080"]
08-Jun-2023 21:13:33.207 INFO [Thread-4] org.apache.coyote.AbstractProtocol.pause Pausing ProtocolHandler ["http-nio-8080"]
08-Jun-2023 21:13:33.247 WARNING [Thread-4] org.apache.catalina.loader.WebappClassLoaderBase.clearReferencesThreads The web application [ors] appears to have started a thread named [ORS-Init] but has failed to stop it. This is very likely to create a memory leak. Stack trace of thread:
 java.base@17.0.7/jdk.internal.misc.Unsafe.park(Native Method)
 java.base@17.0.7/java.util.concurrent.locks.LockSupport.park(LockSupport.java:341)
 java.base@17.0.7/java.util.concurrent.locks.AbstractQueuedSynchronizer$ConditionNode.block(AbstractQueuedSynchronizer.java:506)
 java.base@17.0.7/java.util.concurrent.ForkJoinPool.unmanagedBlock(ForkJoinPool.java:3463)
 java.base@17.0.7/java.util.concurrent.ForkJoinPool.managedBlock(ForkJoinPool.java:3434)
 java.base@17.0.7/java.util.concurrent.locks.AbstractQueuedSynchronizer$ConditionObject.await(AbstractQueuedSynchronizer.java:1623)
 java.base@17.0.7/java.util.concurrent.LinkedBlockingQueue.take(LinkedBlockingQueue.java:435)
 java.base@17.0.7/java.util.concurrent.ExecutorCompletionService.take(ExecutorCompletionService.java:200)
 org.heigit.ors.routing.RoutingProfileManager.initialize(RoutingProfileManager.java:178)
 org.heigit.ors.routing.RoutingProfileManager.getInstance(RoutingProfileManager.java:72)
 org.heigit.ors.servlet.listeners.ORSInitContextListener.lambda$contextInitialized$0(ORSInitContextListener.java:40)
 org.heigit.ors.servlet.listeners.ORSInitContextListener$$Lambda$1361/0x0000000801680cb8.run(Unknown Source)
 java.base@17.0.7/java.lang.Thread.run(Thread.java:833)
08-Jun-2023 21:13:33.261 WARNING [Thread-4] org.apache.catalina.loader.WebappClassLoaderBase.clearReferencesThreads The web application [ors] appears to have started a thread named [ORS-Kafka-Init] but has failed to stop it. This is very likely to create a memory leak. Stack trace of thread:
 org.heigit.ors.routing.RoutingProfileManager.getInstance(RoutingProfileManager.java:70)
 org.heigit.ors.routing.RoutingProfileManager.isInitComplete(RoutingProfileManager.java:711)
 org.heigit.ors.servlet.listeners.ORSKafkaConsumerInitContextListener.lambda$contextInitialized$0(ORSKafkaConsumerInitContextListener.java:45)
 org.heigit.ors.servlet.listeners.ORSKafkaConsumerInitContextListener$$Lambda$1362/0x0000000801680ed8.run(Unknown Source)
 java.base@17.0.7/java.lang.Thread.run(Thread.java:833)
08-Jun-2023 21:13:33.261 WARNING [Thread-4] org.apache.catalina.loader.WebappClassLoaderBase.clearReferencesThreads The web application [ors] appears to have started a thread named [ORS-pl-car] but has failed to stop it. This is very likely to create a memory leak. Stack trace of thread:
 java.base@17.0.7/jdk.internal.misc.Unsafe.park(Native Method)
 java.base@17.0.7/java.util.concurrent.locks.LockSupport.park(LockSupport.java:341)
 java.base@17.0.7/java.util.concurrent.locks.AbstractQueuedSynchronizer$ConditionNode.block(AbstractQueuedSynchronizer.java:506)
 java.base@17.0.7/java.util.concurrent.ForkJoinPool.unmanagedBlock(ForkJoinPool.java:3463)
 java.base@17.0.7/java.util.concurrent.ForkJoinPool.managedBlock(ForkJoinPool.java:3434)
 java.base@17.0.7/java.util.concurrent.locks.AbstractQueuedSynchronizer$ConditionObject.await(AbstractQueuedSynchronizer.java:1623)
 java.base@17.0.7/java.util.concurrent.LinkedBlockingQueue.take(LinkedBlockingQueue.java:435)
 java.base@17.0.7/java.util.concurrent.ExecutorCompletionService.take(ExecutorCompletionService.java:200)
 com.graphhopper.routing.lm.LMPreparationHandler.loadOrDoWork(LMPreparationHandler.java:259)
 org.heigit.ors.routing.graphhopper.extensions.ORSGraphHopper.loadOrPrepareCoreLM(ORSGraphHopper.java:585)
 org.heigit.ors.routing.graphhopper.extensions.ORSGraphHopper.postProcessing(ORSGraphHopper.java:401)
 com.graphhopper.GraphHopper.load(GraphHopper.java:870)
 com.graphhopper.GraphHopper.importOrLoad(GraphHopper.java:667)
 org.heigit.ors.routing.graphhopper.extensions.ORSGraphHopper.importOrLoad(ORSGraphHopper.java:167)
 org.heigit.ors.routing.RoutingProfile.initGraphHopper(RoutingProfile.java:193)
 org.heigit.ors.routing.RoutingProfile.<init>(RoutingProfile.java:140)
 org.heigit.ors.routing.RoutingProfileLoader.call(RoutingProfileLoader.java:39)
 org.heigit.ors.routing.RoutingProfileLoader.call(RoutingProfileLoader.java:25)
 java.base@17.0.7/java.util.concurrent.FutureTask.run(FutureTask.java:264)
 java.base@17.0.7/java.util.concurrent.Executors$RunnableAdapter.call(Executors.java:539)
 java.base@17.0.7/java.util.concurrent.FutureTask.run(FutureTask.java:264)
 java.base@17.0.7/java.util.concurrent.ThreadPoolExecutor.runWorker(ThreadPoolExecutor.java:1136)
 java.base@17.0.7/java.util.concurrent.ThreadPoolExecutor$Worker.run(ThreadPoolExecutor.java:635)
 java.base@17.0.7/java.lang.Thread.run(Thread.java:833)
08-Jun-2023 21:13:33.262 WARNING [Thread-4] org.apache.catalina.loader.WebappClassLoaderBase.clearReferencesThreads The web application [ors] appears to have started a thread named [pool-10-thread-1] but has failed to stop it. This is very likely to create a memory leak. Stack trace of thread:
 java.base@17.0.7/java.io.RandomAccessFile.readBytes(Native Method)
 java.base@17.0.7/java.io.RandomAccessFile.read(RandomAccessFile.java:428)
 com.graphhopper.storage.RAMDataAccess.loadExisting(RAMDataAccess.java:124)
 com.graphhopper.routing.lm.LandmarkStorage.loadExisting(LandmarkStorage.java:731)
 com.graphhopper.routing.lm.PrepareLandmarks.loadExisting(PrepareLandmarks.java:117)
 com.graphhopper.routing.lm.LMPreparationHandler.lambda$loadOrDoWork$0(LMPreparationHandler.java:240)
 com.graphhopper.routing.lm.LMPreparationHandler$$Lambda$1390/0x00000008016ed6c8.run(Unknown Source)
 java.base@17.0.7/java.util.concurrent.Executors$RunnableAdapter.call(Executors.java:539)
 java.base@17.0.7/java.util.concurrent.FutureTask.run(FutureTask.java:264)
 java.base@17.0.7/java.util.concurrent.Executors$RunnableAdapter.call(Executors.java:539)
 java.base@17.0.7/java.util.concurrent.FutureTask.run(FutureTask.java:264)
 java.base@17.0.7/java.util.concurrent.ThreadPoolExecutor.runWorker(ThreadPoolExecutor.java:1136)
 java.base@17.0.7/java.util.concurrent.ThreadPoolExecutor$Worker.run(ThreadPoolExecutor.java:635)
 java.base@17.0.7/java.lang.Thread.run(Thread.java:833)
08-Jun-2023 21:13:33.269 INFO [Thread-4] org.apache.coyote.AbstractProtocol.stop Stopping ProtocolHandler ["http-nio-8080"]
08-Jun-2023 21:13:33.277 INFO [Thread-4] org.apache.coyote.AbstractProtocol.destroy Destroying ProtocolHandler ["http-nio-8080"]
08-Jun-2023 21:13:36.974 INFO [main] org.apache.coyote.AbstractProtocol.init Initializing ProtocolHandler ["http-nio-8080"]
08-Jun-2023 21:13:41.191 INFO [main] org.apache.jasper.servlet.TldScanner.scanJars At least one JAR was scanned for TLDs yet contained no TLDs. Enable debug logging for this logger for a complete list of JARs that were scanned but no TLDs were found in them. Skipping unneeded JARs during scanning can improve startup time and JSP compilation time.
08-Jun-2023 21:13:43.652 INFO [main] org.apache.coyote.AbstractProtocol.start Starting ProtocolHandler ["http-nio-8080"]
08-Jun-2023 21:29:19.725 INFO [Thread-4] org.apache.coyote.AbstractProtocol.pause Pausing ProtocolHandler ["http-nio-8080"]
08-Jun-2023 21:29:19.830 INFO [Thread-4] org.apache.coyote.AbstractProtocol.stop Stopping ProtocolHandler ["http-nio-8080"]
08-Jun-2023 21:29:19.838 INFO [Thread-4] org.apache.coyote.AbstractProtocol.destroy Destroying ProtocolHandler ["http-nio-8080"]
08-Jun-2023 21:29:25.574 INFO [main] org.apache.coyote.AbstractProtocol.init Initializing ProtocolHandler ["http-nio-8080"]
08-Jun-2023 21:29:32.370 INFO [main] org.apache.jasper.servlet.TldScanner.scanJars At least one JAR was scanned for TLDs yet contained no TLDs. Enable debug logging for this logger for a complete list of JARs that were scanned but no TLDs were found in them. Skipping unneeded JARs during scanning can improve startup time and JSP compilation time.
08-Jun-2023 21:29:35.285 INFO [main] org.apache.coyote.AbstractProtocol.start Starting ProtocolHandler ["http-nio-8080"]
08-Jun-2023 21:29:43.843 INFO [Thread-4] org.apache.coyote.AbstractProtocol.pause Pausing ProtocolHandler ["http-nio-8080"]
08-Jun-2023 21:29:43.908 INFO [Thread-4] org.apache.coyote.AbstractProtocol.stop Stopping ProtocolHandler ["http-nio-8080"]
08-Jun-2023 21:29:43.912 INFO [Thread-4] org.apache.coyote.AbstractProtocol.destroy Destroying ProtocolHandler ["http-nio-8080"]
08-Jun-2023 21:29:56.667 INFO [main] org.apache.coyote.AbstractProtocol.init Initializing ProtocolHandler ["http-nio-8080"]
08-Jun-2023 21:30:04.061 INFO [main] org.apache.jasper.servlet.TldScanner.scanJars At least one JAR was scanned for TLDs yet contained no TLDs. Enable debug logging for this logger for a complete list of JARs that were scanned but no TLDs were found in them. Skipping unneeded JARs during scanning can improve startup time and JSP compilation time.
08-Jun-2023 21:30:06.868 INFO [main] org.apache.coyote.AbstractProtocol.start Starting ProtocolHandler ["http-nio-8080"]
08-Jun-2023 21:47:16.515 INFO [main] org.apache.coyote.AbstractProtocol.init Initializing ProtocolHandler ["http-nio-8080"]
08-Jun-2023 21:47:24.022 INFO [main] org.apache.jasper.servlet.TldScanner.scanJars At least one JAR was scanned for TLDs yet contained no TLDs. Enable debug logging for this logger for a complete list of JARs that were scanned but no TLDs were found in them. Skipping unneeded JARs during scanning can improve startup time and JSP compilation time.
08-Jun-2023 21:47:26.601 INFO [main] org.apache.coyote.AbstractProtocol.start Starting ProtocolHandler ["http-nio-8080"]
08-Jun-2023 21:47:46.684 INFO [Thread-4] org.apache.coyote.AbstractProtocol.pause Pausing ProtocolHandler ["http-nio-8080"]
08-Jun-2023 21:47:46.763 INFO [Thread-4] org.apache.coyote.AbstractProtocol.stop Stopping ProtocolHandler ["http-nio-8080"]
08-Jun-2023 21:47:46.768 INFO [Thread-4] org.apache.coyote.AbstractProtocol.destroy Destroying ProtocolHandler ["http-nio-8080"]
08-Jun-2023 23:18:25.042 INFO [main] org.apache.coyote.AbstractProtocol.init Initializing ProtocolHandler ["http-nio-8080"]
08-Jun-2023 23:18:31.843 INFO [main] org.apache.jasper.servlet.TldScanner.scanJars At least one JAR was scanned for TLDs yet contained no TLDs. Enable debug logging for this logger for a complete list of JARs that were scanned but no TLDs were found in them. Skipping unneeded JARs during scanning can improve startup time and JSP compilation time.
08-Jun-2023 23:18:34.931 INFO [main] org.apache.coyote.AbstractProtocol.start Starting ProtocolHandler ["http-nio-8080"]
