26-Jun-2023 13:46:08.637 INFO [main] org.apache.catalina.core.ApplicationContext.log 2 Spring WebApplicationInitializers detected on classpath
26-Jun-2023 13:46:10.095 INFO [main] org.apache.catalina.core.ApplicationContext.log Initializing Spring embedded WebApplicationContext
26-Jun-2023 13:46:11.287 INFO [main] org.apache.catalina.core.ApplicationContext.log ContextListener: contextInitialized()
26-Jun-2023 13:46:11.287 INFO [main] org.apache.catalina.core.ApplicationContext.log SessionListener: contextInitialized()
26-Jun-2023 13:46:11.287 INFO [main] org.apache.catalina.core.ApplicationContext.log ContextListener: attributeAdded('StockTicker', 'async.Stockticker@1f88c162')
26-Jun-2023 15:56:35.077 INFO [http-nio-8080-exec-1] org.apache.catalina.core.ApplicationContext.log Initializing Spring DispatcherServlet 'dispatcherServlet'
26-Jun-2023 17:42:42.211 INFO [Thread-4] org.apache.catalina.core.ApplicationContext.log SessionListener: contextDestroyed()
26-Jun-2023 17:42:42.211 INFO [Thread-4] org.apache.catalina.core.ApplicationContext.log ContextListener: contextDestroyed()
26-Jun-2023 17:42:42.213 INFO [Thread-4] org.apache.catalina.core.ApplicationContext.log Destroying Spring FrameworkServlet 'dispatcherServlet'
26-Jun-2023 17:42:42.214 INFO [Thread-4] org.apache.catalina.core.ApplicationContext.log Closing Spring root WebApplicationContext
26-Jun-2023 17:43:33.447 INFO [main] org.apache.catalina.core.ApplicationContext.log 2 Spring WebApplicationInitializers detected on classpath
26-Jun-2023 17:43:34.935 INFO [main] org.apache.catalina.core.ApplicationContext.log Initializing Spring embedded WebApplicationContext
26-Jun-2023 17:43:36.242 INFO [main] org.apache.catalina.core.ApplicationContext.log ContextListener: contextInitialized()
26-Jun-2023 17:43:36.242 INFO [main] org.apache.catalina.core.ApplicationContext.log SessionListener: contextInitialized()
26-Jun-2023 17:43:36.243 INFO [main] org.apache.catalina.core.ApplicationContext.log ContextListener: attributeAdded('StockTicker', 'async.Stockticker@46d91fa1')
26-Jun-2023 17:44:07.965 INFO [Thread-4] org.apache.catalina.core.ApplicationContext.log SessionListener: contextDestroyed()
26-Jun-2023 17:44:07.965 INFO [Thread-4] org.apache.catalina.core.ApplicationContext.log ContextListener: contextDestroyed()
26-Jun-2023 17:44:07.967 INFO [Thread-4] org.apache.catalina.core.ApplicationContext.log Closing Spring root WebApplicationContext
26-Jun-2023 17:44:22.785 INFO [main] org.apache.catalina.core.ApplicationContext.log 2 Spring WebApplicationInitializers detected on classpath
26-Jun-2023 17:44:24.226 INFO [main] org.apache.catalina.core.ApplicationContext.log Initializing Spring embedded WebApplicationContext
26-Jun-2023 17:44:25.441 INFO [main] org.apache.catalina.core.ApplicationContext.log ContextListener: contextInitialized()
26-Jun-2023 17:44:25.441 INFO [main] org.apache.catalina.core.ApplicationContext.log SessionListener: contextInitialized()
26-Jun-2023 17:44:25.442 INFO [main] org.apache.catalina.core.ApplicationContext.log ContextListener: attributeAdded('StockTicker', 'async.Stockticker@1f88c162')
26-Jun-2023 17:44:38.691 INFO [Thread-4] org.apache.catalina.core.ApplicationContext.log SessionListener: contextDestroyed()
26-Jun-2023 17:44:38.691 INFO [Thread-4] org.apache.catalina.core.ApplicationContext.log ContextListener: contextDestroyed()
26-Jun-2023 17:44:38.692 INFO [Thread-4] org.apache.catalina.core.ApplicationContext.log Closing Spring root WebApplicationContext
26-Jun-2023 17:44:46.937 INFO [main] org.apache.catalina.core.ApplicationContext.log 2 Spring WebApplicationInitializers detected on classpath
26-Jun-2023 17:44:48.781 INFO [main] org.apache.catalina.core.ApplicationContext.log Initializing Spring embedded WebApplicationContext
26-Jun-2023 17:44:50.295 INFO [main] org.apache.catalina.core.ApplicationContext.log ContextListener: contextInitialized()
26-Jun-2023 17:44:50.295 INFO [main] org.apache.catalina.core.ApplicationContext.log SessionListener: contextInitialized()
26-Jun-2023 17:44:50.296 INFO [main] org.apache.catalina.core.ApplicationContext.log ContextListener: attributeAdded('StockTicker', 'async.Stockticker@1f7a0f52')
26-Jun-2023 17:44:51.492 INFO [Thread-4] org.apache.catalina.core.ApplicationContext.log SessionListener: contextDestroyed()
26-Jun-2023 17:44:51.493 INFO [Thread-4] org.apache.catalina.core.ApplicationContext.log ContextListener: contextDestroyed()
26-Jun-2023 17:44:51.498 INFO [Thread-4] org.apache.catalina.core.ApplicationContext.log Closing Spring root WebApplicationContext
26-Jun-2023 17:44:59.773 INFO [main] org.apache.catalina.core.ApplicationContext.log 2 Spring WebApplicationInitializers detected on classpath
26-Jun-2023 17:45:01.140 INFO [main] org.apache.catalina.core.ApplicationContext.log Initializing Spring embedded WebApplicationContext
26-Jun-2023 17:45:02.293 INFO [main] org.apache.catalina.core.ApplicationContext.log ContextListener: contextInitialized()
26-Jun-2023 17:45:02.294 INFO [main] org.apache.catalina.core.ApplicationContext.log SessionListener: contextInitialized()
26-Jun-2023 17:45:02.295 INFO [main] org.apache.catalina.core.ApplicationContext.log ContextListener: attributeAdded('StockTicker', 'async.Stockticker@2504a860')
26-Jun-2023 17:46:22.777 INFO [Thread-4] org.apache.catalina.core.ApplicationContext.log SessionListener: contextDestroyed()
26-Jun-2023 17:46:22.777 INFO [Thread-4] org.apache.catalina.core.ApplicationContext.log ContextListener: contextDestroyed()
26-Jun-2023 17:46:22.778 INFO [Thread-4] org.apache.catalina.core.ApplicationContext.log Closing Spring root WebApplicationContext
26-Jun-2023 17:47:15.632 INFO [main] org.apache.catalina.core.ApplicationContext.log 2 Spring WebApplicationInitializers detected on classpath
26-Jun-2023 17:47:17.079 INFO [main] org.apache.catalina.core.ApplicationContext.log Initializing Spring embedded WebApplicationContext
26-Jun-2023 17:47:18.170 INFO [main] org.apache.catalina.core.ApplicationContext.log ContextListener: contextInitialized()
26-Jun-2023 17:47:18.170 INFO [main] org.apache.catalina.core.ApplicationContext.log SessionListener: contextInitialized()
26-Jun-2023 17:47:18.171 INFO [main] org.apache.catalina.core.ApplicationContext.log ContextListener: attributeAdded('StockTicker', 'async.Stockticker@1f88c162')
26-Jun-2023 17:56:39.043 INFO [http-nio-8080-exec-2] org.apache.catalina.core.ApplicationContext.log Initializing Spring DispatcherServlet 'dispatcherServlet'
