25-Jun-2023 07:18:02.911 INFO [main] org.apache.catalina.core.ApplicationContext.log 2 Spring WebApplicationInitializers detected on classpath
25-Jun-2023 07:18:04.444 INFO [main] org.apache.catalina.core.ApplicationContext.log Initializing Spring embedded WebApplicationContext
25-Jun-2023 07:18:05.489 INFO [main] org.apache.catalina.core.ApplicationContext.log ContextListener: contextInitialized()
25-Jun-2023 07:18:05.490 INFO [main] org.apache.catalina.core.ApplicationContext.log SessionListener: contextInitialized()
25-Jun-2023 07:18:05.490 INFO [main] org.apache.catalina.core.ApplicationContext.log ContextListener: attributeAdded('StockTicker', 'async.Stockticker@1f88c162')
25-Jun-2023 07:18:05.568 INFO [http-nio-8080-exec-1] org.apache.catalina.core.ApplicationContext.log Initializing Spring DispatcherServlet 'dispatcherServlet'
25-Jun-2023 11:35:54.300 INFO [Thread-4] org.apache.catalina.core.ApplicationContext.log SessionListener: contextDestroyed()
25-Jun-2023 11:35:54.301 INFO [Thread-4] org.apache.catalina.core.ApplicationContext.log ContextListener: contextDestroyed()
25-Jun-2023 11:35:54.302 INFO [Thread-4] org.apache.catalina.core.ApplicationContext.log Destroying Spring FrameworkServlet 'dispatcherServlet'
25-Jun-2023 11:35:54.303 INFO [Thread-4] org.apache.catalina.core.ApplicationContext.log Closing Spring root WebApplicationContext
25-Jun-2023 11:36:11.971 INFO [main] org.apache.catalina.core.ApplicationContext.log 2 Spring WebApplicationInitializers detected on classpath
25-Jun-2023 11:36:13.393 INFO [main] org.apache.catalina.core.ApplicationContext.log Initializing Spring embedded WebApplicationContext
25-Jun-2023 11:36:14.684 INFO [main] org.apache.catalina.core.ApplicationContext.log ContextListener: contextInitialized()
25-Jun-2023 11:36:14.684 INFO [main] org.apache.catalina.core.ApplicationContext.log SessionListener: contextInitialized()
25-Jun-2023 11:36:14.685 INFO [main] org.apache.catalina.core.ApplicationContext.log ContextListener: attributeAdded('StockTicker', 'async.Stockticker@2504a860')
25-Jun-2023 12:31:48.964 INFO [Thread-4] org.apache.catalina.core.ApplicationContext.log SessionListener: contextDestroyed()
25-Jun-2023 12:31:48.964 INFO [Thread-4] org.apache.catalina.core.ApplicationContext.log ContextListener: contextDestroyed()
25-Jun-2023 12:31:48.966 INFO [Thread-4] org.apache.catalina.core.ApplicationContext.log Closing Spring root WebApplicationContext
25-Jun-2023 12:31:59.596 INFO [main] org.apache.catalina.core.ApplicationContext.log 2 Spring WebApplicationInitializers detected on classpath
25-Jun-2023 12:32:00.994 INFO [main] org.apache.catalina.core.ApplicationContext.log Initializing Spring embedded WebApplicationContext
25-Jun-2023 12:32:01.989 INFO [main] org.apache.catalina.core.ApplicationContext.log ContextListener: contextInitialized()
25-Jun-2023 12:32:01.989 INFO [main] org.apache.catalina.core.ApplicationContext.log SessionListener: contextInitialized()
25-Jun-2023 12:32:01.989 INFO [main] org.apache.catalina.core.ApplicationContext.log ContextListener: attributeAdded('StockTicker', 'async.Stockticker@1f88c162')
25-Jun-2023 12:33:14.286 INFO [Thread-4] org.apache.catalina.core.ApplicationContext.log SessionListener: contextDestroyed()
25-Jun-2023 12:33:14.286 INFO [Thread-4] org.apache.catalina.core.ApplicationContext.log ContextListener: contextDestroyed()
25-Jun-2023 12:33:14.287 INFO [Thread-4] org.apache.catalina.core.ApplicationContext.log Closing Spring root WebApplicationContext
25-Jun-2023 12:33:22.085 INFO [main] org.apache.catalina.core.ApplicationContext.log 2 Spring WebApplicationInitializers detected on classpath
25-Jun-2023 12:33:23.388 INFO [main] org.apache.catalina.core.ApplicationContext.log Initializing Spring embedded WebApplicationContext
25-Jun-2023 12:33:24.425 INFO [main] org.apache.catalina.core.ApplicationContext.log ContextListener: contextInitialized()
25-Jun-2023 12:33:24.425 INFO [main] org.apache.catalina.core.ApplicationContext.log SessionListener: contextInitialized()
25-Jun-2023 12:33:24.425 INFO [main] org.apache.catalina.core.ApplicationContext.log ContextListener: attributeAdded('StockTicker', 'async.Stockticker@1f7a0f52')
25-Jun-2023 12:33:30.023 INFO [Thread-4] org.apache.catalina.core.ApplicationContext.log SessionListener: contextDestroyed()
25-Jun-2023 12:33:30.023 INFO [Thread-4] org.apache.catalina.core.ApplicationContext.log ContextListener: contextDestroyed()
25-Jun-2023 12:33:30.025 INFO [Thread-4] org.apache.catalina.core.ApplicationContext.log Closing Spring root WebApplicationContext
25-Jun-2023 12:33:37.681 INFO [main] org.apache.catalina.core.ApplicationContext.log 2 Spring WebApplicationInitializers detected on classpath
25-Jun-2023 12:33:38.971 INFO [main] org.apache.catalina.core.ApplicationContext.log Initializing Spring embedded WebApplicationContext
25-Jun-2023 12:33:39.985 INFO [main] org.apache.catalina.core.ApplicationContext.log ContextListener: contextInitialized()
25-Jun-2023 12:33:39.985 INFO [main] org.apache.catalina.core.ApplicationContext.log SessionListener: contextInitialized()
25-Jun-2023 12:33:39.985 INFO [main] org.apache.catalina.core.ApplicationContext.log ContextListener: attributeAdded('StockTicker', 'async.Stockticker@1f88c162')
25-Jun-2023 12:37:25.779 INFO [Thread-4] org.apache.catalina.core.ApplicationContext.log SessionListener: contextDestroyed()
25-Jun-2023 12:37:25.779 INFO [Thread-4] org.apache.catalina.core.ApplicationContext.log ContextListener: contextDestroyed()
25-Jun-2023 12:37:25.783 INFO [Thread-4] org.apache.catalina.core.ApplicationContext.log Closing Spring root WebApplicationContext
25-Jun-2023 12:37:36.234 INFO [main] org.apache.catalina.core.ApplicationContext.log 2 Spring WebApplicationInitializers detected on classpath
25-Jun-2023 12:37:37.662 INFO [main] org.apache.catalina.core.ApplicationContext.log Initializing Spring embedded WebApplicationContext
25-Jun-2023 12:37:38.682 INFO [main] org.apache.catalina.core.ApplicationContext.log ContextListener: contextInitialized()
25-Jun-2023 12:37:38.682 INFO [main] org.apache.catalina.core.ApplicationContext.log SessionListener: contextInitialized()
25-Jun-2023 12:37:38.682 INFO [main] org.apache.catalina.core.ApplicationContext.log ContextListener: attributeAdded('StockTicker', 'async.Stockticker@46d91fa1')
25-Jun-2023 12:39:00.476 INFO [Thread-4] org.apache.catalina.core.ApplicationContext.log SessionListener: contextDestroyed()
25-Jun-2023 12:39:00.476 INFO [Thread-4] org.apache.catalina.core.ApplicationContext.log ContextListener: contextDestroyed()
25-Jun-2023 12:39:00.478 INFO [Thread-4] org.apache.catalina.core.ApplicationContext.log Closing Spring root WebApplicationContext
25-Jun-2023 12:39:12.832 INFO [main] org.apache.catalina.core.ApplicationContext.log 2 Spring WebApplicationInitializers detected on classpath
25-Jun-2023 12:39:14.477 INFO [main] org.apache.catalina.core.ApplicationContext.log Initializing Spring embedded WebApplicationContext
25-Jun-2023 12:39:15.471 INFO [main] org.apache.catalina.core.ApplicationContext.log ContextListener: contextInitialized()
25-Jun-2023 12:39:15.471 INFO [main] org.apache.catalina.core.ApplicationContext.log SessionListener: contextInitialized()
25-Jun-2023 12:39:15.471 INFO [main] org.apache.catalina.core.ApplicationContext.log ContextListener: attributeAdded('StockTicker', 'async.Stockticker@1f88c162')
25-Jun-2023 12:39:38.003 INFO [Thread-4] org.apache.catalina.core.ApplicationContext.log SessionListener: contextDestroyed()
25-Jun-2023 12:39:38.003 INFO [Thread-4] org.apache.catalina.core.ApplicationContext.log ContextListener: contextDestroyed()
25-Jun-2023 12:39:38.005 INFO [Thread-4] org.apache.catalina.core.ApplicationContext.log Closing Spring root WebApplicationContext
25-Jun-2023 12:39:46.229 INFO [main] org.apache.catalina.core.ApplicationContext.log 2 Spring WebApplicationInitializers detected on classpath
25-Jun-2023 12:39:47.788 INFO [main] org.apache.catalina.core.ApplicationContext.log Initializing Spring embedded WebApplicationContext
25-Jun-2023 12:39:49.134 INFO [main] org.apache.catalina.core.ApplicationContext.log ContextListener: contextInitialized()
25-Jun-2023 12:39:49.134 INFO [main] org.apache.catalina.core.ApplicationContext.log SessionListener: contextInitialized()
25-Jun-2023 12:39:49.134 INFO [main] org.apache.catalina.core.ApplicationContext.log ContextListener: attributeAdded('StockTicker', 'async.Stockticker@76db48c6')
25-Jun-2023 12:41:07.920 INFO [Thread-4] org.apache.catalina.core.ApplicationContext.log SessionListener: contextDestroyed()
25-Jun-2023 12:41:07.920 INFO [Thread-4] org.apache.catalina.core.ApplicationContext.log ContextListener: contextDestroyed()
25-Jun-2023 12:41:07.929 INFO [Thread-4] org.apache.catalina.core.ApplicationContext.log Closing Spring root WebApplicationContext
25-Jun-2023 12:41:20.553 INFO [main] org.apache.catalina.core.ApplicationContext.log 2 Spring WebApplicationInitializers detected on classpath
25-Jun-2023 12:41:22.042 INFO [main] org.apache.catalina.core.ApplicationContext.log Initializing Spring embedded WebApplicationContext
25-Jun-2023 12:41:23.087 INFO [main] org.apache.catalina.core.ApplicationContext.log ContextListener: contextInitialized()
25-Jun-2023 12:41:23.087 INFO [main] org.apache.catalina.core.ApplicationContext.log SessionListener: contextInitialized()
25-Jun-2023 12:41:23.087 INFO [main] org.apache.catalina.core.ApplicationContext.log ContextListener: attributeAdded('StockTicker', 'async.Stockticker@76db48c6')
25-Jun-2023 12:57:00.267 INFO [Thread-4] org.apache.catalina.core.ApplicationContext.log SessionListener: contextDestroyed()
25-Jun-2023 12:57:00.267 INFO [Thread-4] org.apache.catalina.core.ApplicationContext.log ContextListener: contextDestroyed()
25-Jun-2023 12:57:00.269 INFO [Thread-4] org.apache.catalina.core.ApplicationContext.log Closing Spring root WebApplicationContext
25-Jun-2023 14:25:00.728 INFO [main] org.apache.catalina.core.ApplicationContext.log 2 Spring WebApplicationInitializers detected on classpath
25-Jun-2023 14:25:02.205 INFO [main] org.apache.catalina.core.ApplicationContext.log Initializing Spring embedded WebApplicationContext
25-Jun-2023 14:25:03.321 INFO [main] org.apache.catalina.core.ApplicationContext.log ContextListener: contextInitialized()
25-Jun-2023 14:25:03.322 INFO [main] org.apache.catalina.core.ApplicationContext.log SessionListener: contextInitialized()
25-Jun-2023 14:25:03.322 INFO [main] org.apache.catalina.core.ApplicationContext.log ContextListener: attributeAdded('StockTicker', 'async.Stockticker@76db48c6')
25-Jun-2023 14:26:27.316 INFO [Thread-4] org.apache.catalina.core.ApplicationContext.log SessionListener: contextDestroyed()
25-Jun-2023 14:26:27.316 INFO [Thread-4] org.apache.catalina.core.ApplicationContext.log ContextListener: contextDestroyed()
25-Jun-2023 14:26:27.319 INFO [Thread-4] org.apache.catalina.core.ApplicationContext.log Closing Spring root WebApplicationContext
25-Jun-2023 14:27:15.565 INFO [main] org.apache.catalina.core.ApplicationContext.log 2 Spring WebApplicationInitializers detected on classpath
25-Jun-2023 14:27:17.083 INFO [main] org.apache.catalina.core.ApplicationContext.log Initializing Spring embedded WebApplicationContext
25-Jun-2023 14:27:18.101 INFO [main] org.apache.catalina.core.ApplicationContext.log ContextListener: contextInitialized()
25-Jun-2023 14:27:18.101 INFO [main] org.apache.catalina.core.ApplicationContext.log SessionListener: contextInitialized()
25-Jun-2023 14:27:18.102 INFO [main] org.apache.catalina.core.ApplicationContext.log ContextListener: attributeAdded('StockTicker', 'async.Stockticker@1f88c162')
25-Jun-2023 14:46:30.999 INFO [Thread-4] org.apache.catalina.core.ApplicationContext.log SessionListener: contextDestroyed()
25-Jun-2023 14:46:30.999 INFO [Thread-4] org.apache.catalina.core.ApplicationContext.log ContextListener: contextDestroyed()
25-Jun-2023 14:46:31.002 INFO [Thread-4] org.apache.catalina.core.ApplicationContext.log Closing Spring root WebApplicationContext
25-Jun-2023 14:46:50.150 INFO [main] org.apache.catalina.core.ApplicationContext.log 2 Spring WebApplicationInitializers detected on classpath
25-Jun-2023 14:46:51.466 INFO [main] org.apache.catalina.core.ApplicationContext.log Initializing Spring embedded WebApplicationContext
25-Jun-2023 14:46:52.571 INFO [main] org.apache.catalina.core.ApplicationContext.log ContextListener: contextInitialized()
25-Jun-2023 14:46:52.572 INFO [main] org.apache.catalina.core.ApplicationContext.log SessionListener: contextInitialized()
25-Jun-2023 14:46:52.574 INFO [main] org.apache.catalina.core.ApplicationContext.log ContextListener: attributeAdded('StockTicker', 'async.Stockticker@2504a860')
25-Jun-2023 14:48:12.047 INFO [Thread-4] org.apache.catalina.core.ApplicationContext.log SessionListener: contextDestroyed()
25-Jun-2023 14:48:12.047 INFO [Thread-4] org.apache.catalina.core.ApplicationContext.log ContextListener: contextDestroyed()
25-Jun-2023 14:48:12.048 INFO [Thread-4] org.apache.catalina.core.ApplicationContext.log Closing Spring root WebApplicationContext
25-Jun-2023 14:48:20.454 INFO [main] org.apache.catalina.core.ApplicationContext.log 2 Spring WebApplicationInitializers detected on classpath
25-Jun-2023 14:48:21.779 INFO [main] org.apache.catalina.core.ApplicationContext.log Initializing Spring embedded WebApplicationContext
25-Jun-2023 14:48:22.776 INFO [main] org.apache.catalina.core.ApplicationContext.log ContextListener: contextInitialized()
25-Jun-2023 14:48:22.776 INFO [main] org.apache.catalina.core.ApplicationContext.log SessionListener: contextInitialized()
25-Jun-2023 14:48:22.776 INFO [main] org.apache.catalina.core.ApplicationContext.log ContextListener: attributeAdded('StockTicker', 'async.Stockticker@46d91fa1')
25-Jun-2023 14:51:45.434 INFO [Thread-4] org.apache.catalina.core.ApplicationContext.log SessionListener: contextDestroyed()
25-Jun-2023 14:51:45.434 INFO [Thread-4] org.apache.catalina.core.ApplicationContext.log ContextListener: contextDestroyed()
25-Jun-2023 14:51:45.436 INFO [Thread-4] org.apache.catalina.core.ApplicationContext.log Closing Spring root WebApplicationContext
25-Jun-2023 14:52:45.802 INFO [main] org.apache.catalina.core.ApplicationContext.log 2 Spring WebApplicationInitializers detected on classpath
25-Jun-2023 14:52:47.210 INFO [main] org.apache.catalina.core.ApplicationContext.log Initializing Spring embedded WebApplicationContext
25-Jun-2023 14:52:48.234 INFO [main] org.apache.catalina.core.ApplicationContext.log ContextListener: contextInitialized()
25-Jun-2023 14:52:48.234 INFO [main] org.apache.catalina.core.ApplicationContext.log SessionListener: contextInitialized()
25-Jun-2023 14:52:48.234 INFO [main] org.apache.catalina.core.ApplicationContext.log ContextListener: attributeAdded('StockTicker', 'async.Stockticker@1f88c162')
25-Jun-2023 14:55:18.820 INFO [Thread-4] org.apache.catalina.core.ApplicationContext.log SessionListener: contextDestroyed()
25-Jun-2023 14:55:18.820 INFO [Thread-4] org.apache.catalina.core.ApplicationContext.log ContextListener: contextDestroyed()
25-Jun-2023 14:55:18.822 INFO [Thread-4] org.apache.catalina.core.ApplicationContext.log Closing Spring root WebApplicationContext
25-Jun-2023 14:55:29.403 INFO [main] org.apache.catalina.core.ApplicationContext.log 2 Spring WebApplicationInitializers detected on classpath
25-Jun-2023 14:55:30.834 INFO [main] org.apache.catalina.core.ApplicationContext.log Initializing Spring embedded WebApplicationContext
25-Jun-2023 14:55:31.831 INFO [main] org.apache.catalina.core.ApplicationContext.log ContextListener: contextInitialized()
25-Jun-2023 14:55:31.831 INFO [main] org.apache.catalina.core.ApplicationContext.log SessionListener: contextInitialized()
25-Jun-2023 14:55:31.832 INFO [main] org.apache.catalina.core.ApplicationContext.log ContextListener: attributeAdded('StockTicker', 'async.Stockticker@1f88c162')
25-Jun-2023 15:00:30.483 INFO [Thread-4] org.apache.catalina.core.ApplicationContext.log SessionListener: contextDestroyed()
25-Jun-2023 15:00:30.483 INFO [Thread-4] org.apache.catalina.core.ApplicationContext.log ContextListener: contextDestroyed()
25-Jun-2023 15:00:30.485 INFO [Thread-4] org.apache.catalina.core.ApplicationContext.log Closing Spring root WebApplicationContext
25-Jun-2023 15:00:40.029 INFO [main] org.apache.catalina.core.ApplicationContext.log 2 Spring WebApplicationInitializers detected on classpath
25-Jun-2023 15:00:41.366 INFO [main] org.apache.catalina.core.ApplicationContext.log Initializing Spring embedded WebApplicationContext
25-Jun-2023 15:00:42.330 INFO [main] org.apache.catalina.core.ApplicationContext.log ContextListener: contextInitialized()
25-Jun-2023 15:00:42.331 INFO [main] org.apache.catalina.core.ApplicationContext.log SessionListener: contextInitialized()
25-Jun-2023 15:00:42.332 INFO [main] org.apache.catalina.core.ApplicationContext.log ContextListener: attributeAdded('StockTicker', 'async.Stockticker@46d91fa1')
25-Jun-2023 15:03:16.712 INFO [Thread-4] org.apache.catalina.core.ApplicationContext.log SessionListener: contextDestroyed()
25-Jun-2023 15:03:16.712 INFO [Thread-4] org.apache.catalina.core.ApplicationContext.log ContextListener: contextDestroyed()
25-Jun-2023 15:03:16.713 INFO [Thread-4] org.apache.catalina.core.ApplicationContext.log Closing Spring root WebApplicationContext
25-Jun-2023 15:03:24.690 INFO [main] org.apache.catalina.core.ApplicationContext.log 2 Spring WebApplicationInitializers detected on classpath
25-Jun-2023 15:03:25.975 INFO [main] org.apache.catalina.core.ApplicationContext.log Initializing Spring embedded WebApplicationContext
25-Jun-2023 15:03:26.956 INFO [main] org.apache.catalina.core.ApplicationContext.log ContextListener: contextInitialized()
25-Jun-2023 15:03:26.956 INFO [main] org.apache.catalina.core.ApplicationContext.log SessionListener: contextInitialized()
25-Jun-2023 15:03:26.956 INFO [main] org.apache.catalina.core.ApplicationContext.log ContextListener: attributeAdded('StockTicker', 'async.Stockticker@4281123e')
25-Jun-2023 15:04:12.035 INFO [Thread-4] org.apache.catalina.core.ApplicationContext.log SessionListener: contextDestroyed()
25-Jun-2023 15:04:12.035 INFO [Thread-4] org.apache.catalina.core.ApplicationContext.log ContextListener: contextDestroyed()
25-Jun-2023 15:04:12.037 INFO [Thread-4] org.apache.catalina.core.ApplicationContext.log Closing Spring root WebApplicationContext
25-Jun-2023 15:04:28.051 INFO [main] org.apache.catalina.core.ApplicationContext.log 2 Spring WebApplicationInitializers detected on classpath
25-Jun-2023 15:04:29.379 INFO [main] org.apache.catalina.core.ApplicationContext.log Initializing Spring embedded WebApplicationContext
25-Jun-2023 15:04:30.456 INFO [main] org.apache.catalina.core.ApplicationContext.log ContextListener: contextInitialized()
25-Jun-2023 15:04:30.456 INFO [main] org.apache.catalina.core.ApplicationContext.log SessionListener: contextInitialized()
25-Jun-2023 15:04:30.457 INFO [main] org.apache.catalina.core.ApplicationContext.log ContextListener: attributeAdded('StockTicker', 'async.Stockticker@1f88c162')
25-Jun-2023 15:05:40.040 INFO [Thread-4] org.apache.catalina.core.ApplicationContext.log SessionListener: contextDestroyed()
25-Jun-2023 15:05:40.040 INFO [Thread-4] org.apache.catalina.core.ApplicationContext.log ContextListener: contextDestroyed()
25-Jun-2023 15:05:40.041 INFO [Thread-4] org.apache.catalina.core.ApplicationContext.log Closing Spring root WebApplicationContext
25-Jun-2023 15:05:48.379 INFO [main] org.apache.catalina.core.ApplicationContext.log 2 Spring WebApplicationInitializers detected on classpath
25-Jun-2023 15:05:49.986 INFO [main] org.apache.catalina.core.ApplicationContext.log Initializing Spring embedded WebApplicationContext
25-Jun-2023 15:05:50.984 INFO [main] org.apache.catalina.core.ApplicationContext.log ContextListener: contextInitialized()
25-Jun-2023 15:05:50.985 INFO [main] org.apache.catalina.core.ApplicationContext.log SessionListener: contextInitialized()
25-Jun-2023 15:05:50.986 INFO [main] org.apache.catalina.core.ApplicationContext.log ContextListener: attributeAdded('StockTicker', 'async.Stockticker@1f88c162')
25-Jun-2023 15:19:43.470 INFO [http-nio-8080-exec-2] org.apache.catalina.core.ApplicationContext.log Initializing Spring DispatcherServlet 'dispatcherServlet'
