09-Jun-2023 00:13:32.112 INFO [Thread-4] org.apache.catalina.core.ApplicationContext.log SessionListener: contextDestroyed()
09-Jun-2023 00:13:32.112 INFO [Thread-4] org.apache.catalina.core.ApplicationContext.log ContextListener: contextDestroyed()
09-Jun-2023 00:13:32.114 INFO [Thread-4] org.apache.catalina.core.ApplicationContext.log Closing Spring root WebApplicationContext
09-Jun-2023 06:43:45.666 INFO [main] org.apache.catalina.core.ApplicationContext.log 2 Spring WebApplicationInitializers detected on classpath
09-Jun-2023 06:43:47.120 INFO [main] org.apache.catalina.core.ApplicationContext.log Initializing Spring embedded WebApplicationContext
09-Jun-2023 06:43:48.251 INFO [main] org.apache.catalina.core.ApplicationContext.log ContextListener: contextInitialized()
09-Jun-2023 06:43:48.252 INFO [main] org.apache.catalina.core.ApplicationContext.log SessionListener: contextInitialized()
09-Jun-2023 06:43:48.252 INFO [main] org.apache.catalina.core.ApplicationContext.log ContextListener: attributeAdded('StockTicker', 'async.Stockticker@cf60726')
09-Jun-2023 09:15:56.119 INFO [Thread-4] org.apache.catalina.core.ApplicationContext.log SessionListener: contextDestroyed()
09-Jun-2023 09:15:56.119 INFO [Thread-4] org.apache.catalina.core.ApplicationContext.log ContextListener: contextDestroyed()
09-Jun-2023 09:15:56.123 INFO [Thread-4] org.apache.catalina.core.ApplicationContext.log Closing Spring root WebApplicationContext
09-Jun-2023 09:16:15.009 INFO [main] org.apache.catalina.core.ApplicationContext.log 2 Spring WebApplicationInitializers detected on classpath
09-Jun-2023 09:16:16.483 INFO [main] org.apache.catalina.core.ApplicationContext.log Initializing Spring embedded WebApplicationContext
09-Jun-2023 09:16:17.588 INFO [main] org.apache.catalina.core.ApplicationContext.log ContextListener: contextInitialized()
09-Jun-2023 09:16:17.588 INFO [main] org.apache.catalina.core.ApplicationContext.log SessionListener: contextInitialized()
09-Jun-2023 09:16:17.591 INFO [main] org.apache.catalina.core.ApplicationContext.log ContextListener: attributeAdded('StockTicker', 'async.Stockticker@1f88c162')
09-Jun-2023 11:41:06.037 INFO [Thread-4] org.apache.catalina.core.ApplicationContext.log SessionListener: contextDestroyed()
09-Jun-2023 11:41:06.037 INFO [Thread-4] org.apache.catalina.core.ApplicationContext.log ContextListener: contextDestroyed()
09-Jun-2023 11:41:06.050 INFO [Thread-4] org.apache.catalina.core.ApplicationContext.log Closing Spring root WebApplicationContext
09-Jun-2023 14:02:07.913 INFO [main] org.apache.catalina.core.ApplicationContext.log 2 Spring WebApplicationInitializers detected on classpath
09-Jun-2023 14:02:09.487 INFO [main] org.apache.catalina.core.ApplicationContext.log Initializing Spring embedded WebApplicationContext
09-Jun-2023 14:02:10.713 INFO [main] org.apache.catalina.core.ApplicationContext.log ContextListener: contextInitialized()
09-Jun-2023 14:02:10.713 INFO [main] org.apache.catalina.core.ApplicationContext.log SessionListener: contextInitialized()
09-Jun-2023 14:02:10.714 INFO [main] org.apache.catalina.core.ApplicationContext.log ContextListener: attributeAdded('StockTicker', 'async.Stockticker@1f88c162')
09-Jun-2023 14:16:15.859 INFO [Thread-4] org.apache.catalina.core.ApplicationContext.log SessionListener: contextDestroyed()
09-Jun-2023 14:16:15.859 INFO [Thread-4] org.apache.catalina.core.ApplicationContext.log ContextListener: contextDestroyed()
09-Jun-2023 14:16:15.862 INFO [Thread-4] org.apache.catalina.core.ApplicationContext.log Closing Spring root WebApplicationContext
09-Jun-2023 14:16:41.775 INFO [main] org.apache.catalina.core.ApplicationContext.log 2 Spring WebApplicationInitializers detected on classpath
09-Jun-2023 14:16:43.569 INFO [main] org.apache.catalina.core.ApplicationContext.log Initializing Spring embedded WebApplicationContext
09-Jun-2023 14:16:44.806 INFO [main] org.apache.catalina.core.ApplicationContext.log ContextListener: contextInitialized()
09-Jun-2023 14:16:44.807 INFO [main] org.apache.catalina.core.ApplicationContext.log SessionListener: contextInitialized()
09-Jun-2023 14:16:44.808 INFO [main] org.apache.catalina.core.ApplicationContext.log ContextListener: attributeAdded('StockTicker', 'async.Stockticker@46d91fa1')
09-Jun-2023 16:33:25.098 INFO [main] org.apache.catalina.core.ApplicationContext.log 2 Spring WebApplicationInitializers detected on classpath
09-Jun-2023 16:33:26.544 INFO [main] org.apache.catalina.core.ApplicationContext.log Initializing Spring embedded WebApplicationContext
09-Jun-2023 16:33:27.570 INFO [main] org.apache.catalina.core.ApplicationContext.log ContextListener: contextInitialized()
09-Jun-2023 16:33:27.570 INFO [main] org.apache.catalina.core.ApplicationContext.log SessionListener: contextInitialized()
09-Jun-2023 16:33:27.570 INFO [main] org.apache.catalina.core.ApplicationContext.log ContextListener: attributeAdded('StockTicker', 'async.Stockticker@1f88c162')
09-Jun-2023 17:28:01.874 INFO [Thread-4] org.apache.catalina.core.ApplicationContext.log SessionListener: contextDestroyed()
09-Jun-2023 17:28:01.874 INFO [Thread-4] org.apache.catalina.core.ApplicationContext.log ContextListener: contextDestroyed()
09-Jun-2023 17:28:01.879 INFO [Thread-4] org.apache.catalina.core.ApplicationContext.log Closing Spring root WebApplicationContext
09-Jun-2023 17:29:02.324 INFO [main] org.apache.catalina.core.ApplicationContext.log 2 Spring WebApplicationInitializers detected on classpath
09-Jun-2023 17:29:04.786 INFO [main] org.apache.catalina.core.ApplicationContext.log Initializing Spring embedded WebApplicationContext
09-Jun-2023 17:29:06.563 INFO [main] org.apache.catalina.core.ApplicationContext.log ContextListener: contextInitialized()
09-Jun-2023 17:29:06.563 INFO [main] org.apache.catalina.core.ApplicationContext.log SessionListener: contextInitialized()
09-Jun-2023 17:29:06.565 INFO [main] org.apache.catalina.core.ApplicationContext.log ContextListener: attributeAdded('StockTicker', 'async.Stockticker@1f88c162')
09-Jun-2023 17:33:20.165 INFO [Thread-4] org.apache.catalina.core.ApplicationContext.log SessionListener: contextDestroyed()
09-Jun-2023 17:33:20.165 INFO [Thread-4] org.apache.catalina.core.ApplicationContext.log ContextListener: contextDestroyed()
09-Jun-2023 17:33:20.169 INFO [Thread-4] org.apache.catalina.core.ApplicationContext.log Closing Spring root WebApplicationContext
09-Jun-2023 17:36:37.665 INFO [main] org.apache.catalina.core.ApplicationContext.log 2 Spring WebApplicationInitializers detected on classpath
09-Jun-2023 17:36:39.983 INFO [main] org.apache.catalina.core.ApplicationContext.log Initializing Spring embedded WebApplicationContext
09-Jun-2023 17:36:42.155 INFO [main] org.apache.catalina.core.ApplicationContext.log ContextListener: contextInitialized()
09-Jun-2023 17:36:42.155 INFO [main] org.apache.catalina.core.ApplicationContext.log SessionListener: contextInitialized()
09-Jun-2023 17:36:42.155 INFO [main] org.apache.catalina.core.ApplicationContext.log ContextListener: attributeAdded('StockTicker', 'async.Stockticker@55522914')
09-Jun-2023 17:37:09.599 INFO [http-nio-8080-exec-1] org.apache.catalina.core.ApplicationContext.log Initializing Spring DispatcherServlet 'dispatcherServlet'
09-Jun-2023 17:37:45.905 INFO [Thread-4] org.apache.catalina.core.ApplicationContext.log SessionListener: contextDestroyed()
09-Jun-2023 17:37:45.905 INFO [Thread-4] org.apache.catalina.core.ApplicationContext.log ContextListener: contextDestroyed()
09-Jun-2023 17:37:45.908 INFO [Thread-4] org.apache.catalina.core.ApplicationContext.log Destroying Spring FrameworkServlet 'dispatcherServlet'
09-Jun-2023 17:37:45.909 INFO [Thread-4] org.apache.catalina.core.ApplicationContext.log Closing Spring root WebApplicationContext
09-Jun-2023 17:38:05.423 INFO [main] org.apache.catalina.core.ApplicationContext.log 2 Spring WebApplicationInitializers detected on classpath
09-Jun-2023 17:38:07.719 INFO [main] org.apache.catalina.core.ApplicationContext.log Initializing Spring embedded WebApplicationContext
09-Jun-2023 17:38:09.814 INFO [main] org.apache.catalina.core.ApplicationContext.log ContextListener: contextInitialized()
09-Jun-2023 17:38:09.814 INFO [main] org.apache.catalina.core.ApplicationContext.log SessionListener: contextInitialized()
09-Jun-2023 17:38:09.816 INFO [main] org.apache.catalina.core.ApplicationContext.log ContextListener: attributeAdded('StockTicker', 'async.Stockticker@1f7a0f52')
09-Jun-2023 17:38:09.988 INFO [http-nio-8080-exec-1] org.apache.catalina.core.ApplicationContext.log Initializing Spring DispatcherServlet 'dispatcherServlet'
09-Jun-2023 17:51:01.185 INFO [Thread-4] org.apache.catalina.core.ApplicationContext.log SessionListener: contextDestroyed()
09-Jun-2023 17:51:01.185 INFO [Thread-4] org.apache.catalina.core.ApplicationContext.log ContextListener: contextDestroyed()
09-Jun-2023 17:51:01.188 INFO [Thread-4] org.apache.catalina.core.ApplicationContext.log Destroying Spring FrameworkServlet 'dispatcherServlet'
09-Jun-2023 17:51:01.188 INFO [Thread-4] org.apache.catalina.core.ApplicationContext.log Closing Spring root WebApplicationContext
09-Jun-2023 18:23:32.995 INFO [main] org.apache.catalina.core.ApplicationContext.log 2 Spring WebApplicationInitializers detected on classpath
09-Jun-2023 18:23:34.626 INFO [main] org.apache.catalina.core.ApplicationContext.log Initializing Spring embedded WebApplicationContext
09-Jun-2023 18:23:35.842 INFO [main] org.apache.catalina.core.ApplicationContext.log ContextListener: contextInitialized()
09-Jun-2023 18:23:35.842 INFO [main] org.apache.catalina.core.ApplicationContext.log SessionListener: contextInitialized()
09-Jun-2023 18:23:35.843 INFO [main] org.apache.catalina.core.ApplicationContext.log ContextListener: attributeAdded('StockTicker', 'async.Stockticker@46d91fa1')
09-Jun-2023 18:25:01.442 INFO [http-nio-8080-exec-1] org.apache.catalina.core.ApplicationContext.log Initializing Spring DispatcherServlet 'dispatcherServlet'
09-Jun-2023 23:45:24.021 INFO [Thread-4] org.apache.catalina.core.ApplicationContext.log SessionListener: contextDestroyed()
09-Jun-2023 23:45:24.021 INFO [Thread-4] org.apache.catalina.core.ApplicationContext.log ContextListener: contextDestroyed()
09-Jun-2023 23:45:24.026 INFO [Thread-4] org.apache.catalina.core.ApplicationContext.log Destroying Spring FrameworkServlet 'dispatcherServlet'
09-Jun-2023 23:45:24.026 INFO [Thread-4] org.apache.catalina.core.ApplicationContext.log Closing Spring root WebApplicationContext
